<?xml version="1.0" encoding="UTF-8"?>
<!-- Generated by org.testng.reporters.JUnitReportReporter -->
<testsuite hostname="Mirek-Komputer" name="exampleFirefox" tests="1" failures="0" timestamp="20 Nov 2011 12:40:30 GMT" time="40,681" errors="0">
  <testcase name="testGoogleSearch" time="40,681" classname="exampleFirefox"/>
</testsuite>
