<?xml version="1.0" encoding="UTF-8"?>
<!-- Generated by org.testng.reporters.JUnitReportReporter -->
<testsuite hostname="Mirek-Komputer" name="Webdriver.Hyves" tests="1" failures="0" timestamp="21 Dec 2011 14:44:47 GMT" time="46,075" errors="0">
  <testcase name="openGamePage" time="46,075" classname="Webdriver.Hyves"/>
</testsuite>
