<?xml version="1.0" encoding="UTF-8"?>
<!-- Generated by org.testng.reporters.JUnitReportReporter -->
<testsuite hostname="CodePill-CP27" name="Webdriver.CATEGORY_PAGE" tests="1" failures="0" timestamp="16 Jan 2012 07:45:17 GMT" time="6,656" errors="0">
  <testcase name="Category4" time="6,656" classname="Webdriver.CATEGORY_PAGE"/>
</testsuite>
