<?xml version="1.0" encoding="UTF-8"?>
<!-- Generated by org.testng.reporters.JUnitReportReporter -->
<testsuite hostname="CodePill-CP27" name="Webdriver.SUBCATEGORY_PAGE" tests="1" failures="0" timestamp="16 Jan 2012 10:54:27 GMT" time="9,983" errors="0">
  <testcase name="Subcategory4" time="9,983" classname="Webdriver.SUBCATEGORY_PAGE"/>
</testsuite>
