<?xml version="1.0" encoding="UTF-8"?>
<!-- Generated by org.testng.reporters.JUnitReportReporter -->
<testsuite hostname="CodePill-CP27" name="Webdriver.FLAT_PAGE" tests="1" failures="0" timestamp="9 Jan 2012 08:23:02 GMT" time="7,805" errors="0">
  <testcase name="Flat1" time="7,805" classname="Webdriver.FLAT_PAGE"/>
</testsuite>
