<?xml version="1.0" encoding="UTF-8"?>
<!-- Generated by org.testng.reporters.JUnitReportReporter -->
<testsuite hostname="CodePill-CP27" name="Webdriver.SOCIAL" tests="1" failures="0" timestamp="9 Jan 2012 08:23:02 GMT" time="34,392" errors="0">
  <testcase name="Social1" time="34,392" classname="Webdriver.SOCIAL"/>
</testsuite>
