<?xml version="1.0" encoding="UTF-8"?>
<!-- Generated by org.testng.reporters.JUnitReportReporter -->
<testsuite hostname="Mirek-Komputer" name="Webdriver.Hyves" tests="1" failures="0" timestamp="21 Dec 2011 11:21:38 GMT" time="35,474" errors="0">
  <testcase name="openGamePage" time="35,474" classname="Webdriver.Hyves"/>
</testsuite>
