<?xml version="1.0" encoding="UTF-8"?>
<!-- Generated by org.testng.reporters.JUnitReportReporter -->
<testsuite hostname="CodePill-CP27" name="Webdriver.SIGN_UP" tests="1" failures="0" timestamp="12 Jan 2012 07:07:59 GMT" time="31,380" errors="0">
  <testcase name="SignUp1" time="31,380" classname="Webdriver.SIGN_UP"/>
</testsuite>
