<?xml version="1.0" encoding="UTF-8"?>
<!-- Generated by org.testng.reporters.JUnitReportReporter -->
<testsuite hostname="CodePill-CP27" name="Webdriver.SIGN_UP" tests="1" failures="0" timestamp="10 Jan 2012 12:13:47 GMT" time="32,101" errors="0">
  <testcase name="SignUp1" time="32,101" classname="Webdriver.SIGN_UP"/>
</testsuite>
