<?xml version="1.0" encoding="UTF-8"?>
<!-- Generated by org.testng.reporters.JUnitReportReporter -->
<testsuite hostname="CodePill-CP27" name="Webdriver.AVATAR" tests="1" failures="0" timestamp="13 Jan 2012 08:06:34 GMT" time="40,861" errors="0">
  <testcase name="Avatar2" time="40,861" classname="Webdriver.AVATAR"/>
</testsuite>
