<?xml version="1.0" encoding="UTF-8"?>
<!-- Generated by org.testng.reporters.JUnitReportReporter -->
<testsuite hostname="CodePill-CP27" name="Webdriver.CATEGORY_PAGE" tests="1" failures="0" timestamp="9 Jan 2012 08:23:02 GMT" time="10,322" errors="0">
  <testcase name="Category1" time="10,322" classname="Webdriver.CATEGORY_PAGE"/>
</testsuite>
