<?xml version="1.0" encoding="UTF-8"?>
<!-- Generated by org.testng.reporters.JUnitReportReporter -->
<testsuite hostname="CodePill-CP27" name="Webdriver.FRIENDS_NEW_REQUEST" tests="1" failures="0" timestamp="24 Jan 2012 13:04:00 GMT" time="79,557" errors="0">
  <testcase name="Friend28" time="79,557" classname="Webdriver.FRIENDS_NEW_REQUEST"/>
</testsuite>
