<?xml version="1.0" encoding="UTF-8"?>
<!-- Generated by org.testng.reporters.JUnitReportReporter -->
<testsuite hostname="CodePill-CP27" name="Webdriver.GAME_PAGE" tests="3" failures="0" timestamp="9 Jan 2012 08:23:02 GMT" time="102,480" errors="0">
  <testcase name="GamePage2" time="34,056" classname="Webdriver.GAME_PAGE"/>
  <testcase name="GamePage3" time="34,383" classname="Webdriver.GAME_PAGE"/>
  <testcase name="GamePage1" time="34,041" classname="Webdriver.GAME_PAGE"/>
</testsuite>
