<?xml version="1.0" encoding="UTF-8"?>
<!-- Generated by org.testng.reporters.JUnitReportReporter -->
<testsuite hostname="CodePill-CP27" name="Webdriver.SIGN_IN" tests="1" failures="0" timestamp="10 Jan 2012 11:40:47 GMT" time="20,902" errors="0">
  <testcase name="SignIn1" time="20,902" classname="Webdriver.SIGN_IN"/>
</testsuite>
