<?xml version="1.0" encoding="UTF-8"?>
<!-- Generated by org.testng.reporters.JUnitReportReporter -->
<testsuite hostname="Mirek-Komputer" name="Webdriver.exampleFirefox" tests="1" failures="0" timestamp="25 Nov 2011 09:14:34 GMT" time="40,339" errors="0">
  <testcase name="signUp" time="40,339" classname="Webdriver.exampleFirefox"/>
</testsuite>
