<?xml version="1.0" encoding="UTF-8"?>
<!-- Generated by org.testng.reporters.JUnitReportReporter -->
<testsuite hostname="CodePill-CP27" name="Webdriver.PROFILE_PAGE" tests="1" failures="0" timestamp="9 Jan 2012 08:23:02 GMT" time="29,945" errors="0">
  <testcase name="Profile1" time="29,945" classname="Webdriver.PROFILE_PAGE"/>
</testsuite>
